<?xml version="1.0" encoding="UTF-8"?>
<coverage generated="1763403487352" clover="3.2.0">
  <project timestamp="1763403487352" name="All files">
    <metrics statements="127" coveredstatements="127" conditionals="50" coveredconditionals="41" methods="22" coveredmethods="22" elements="199" coveredelements="190" complexity="0" loc="127" ncloc="127" packages="1" files="1" classes="1"/>
    <file name="qa-cli.ts" path="C:\Users\bmorz\repos\CLITool\qa-cli.ts">
      <metrics statements="127" coveredstatements="127" conditionals="50" coveredconditionals="41" methods="22" coveredmethods="22"/>
      <line num="3" count="1" type="stmt"/>
      <line num="4" count="1" type="stmt"/>
      <line num="5" count="1" type="stmt"/>
      <line num="6" count="1" type="stmt"/>
      <line num="9" count="1" type="cond" truecount="2" falsecount="0"/>
      <line num="10" count="1" type="stmt"/>
      <line num="11" count="1" type="stmt"/>
      <line num="14" count="1" type="stmt"/>
      <line num="47" count="1" type="stmt"/>
      <line num="54" count="1" type="stmt"/>
      <line num="65" count="1" type="stmt"/>
      <line num="66" count="45" type="cond" truecount="1" falsecount="0"/>
      <line num="67" count="8" type="cond" truecount="0" falsecount="1"/>
      <line num="71" count="2" type="stmt"/>
      <line num="72" count="2" type="stmt"/>
      <line num="73" count="2" type="stmt"/>
      <line num="74" count="2" type="stmt"/>
      <line num="75" count="2" type="stmt"/>
      <line num="76" count="2" type="stmt"/>
      <line num="77" count="2" type="stmt"/>
      <line num="78" count="2" type="stmt"/>
      <line num="79" count="2" type="stmt"/>
      <line num="83" count="2" type="stmt"/>
      <line num="84" count="2" type="stmt"/>
      <line num="85" count="2" type="stmt"/>
      <line num="86" count="2" type="stmt"/>
      <line num="87" count="2" type="stmt"/>
      <line num="90" count="1" type="stmt"/>
      <line num="91" count="15" type="stmt"/>
      <line num="94" count="1" type="stmt"/>
      <line num="95" count="5" type="stmt"/>
      <line num="97" count="5" type="stmt"/>
      <line num="98" count="10" type="stmt"/>
      <line num="99" count="10" type="stmt"/>
      <line num="103" count="1" type="stmt"/>
      <line num="104" count="4" type="cond" truecount="4" falsecount="0"/>
      <line num="105" count="1" type="stmt"/>
      <line num="108" count="3" type="stmt"/>
      <line num="109" count="27" type="stmt"/>
      <line num="110" count="6" type="cond" truecount="2" falsecount="0"/>
      <line num="112" count="6" type="stmt"/>
      <line num="114" count="6" type="stmt"/>
      <line num="115" count="24" type="stmt"/>
      <line num="116" count="24" type="cond" truecount="4" falsecount="0"/>
      <line num="117" count="6" type="cond" truecount="1" falsecount="1"/>
      <line num="118" count="6" type="stmt"/>
      <line num="120" count="6" type="stmt"/>
      <line num="121" count="6" type="stmt"/>
      <line num="122" count="6" type="cond" truecount="2" falsecount="0"/>
      <line num="123" count="3" type="stmt"/>
      <line num="124" count="3" type="stmt"/>
      <line num="130" count="3" type="stmt"/>
      <line num="135" count="1" type="stmt"/>
      <line num="136" count="4" type="stmt"/>
      <line num="137" count="4" type="cond" truecount="2" falsecount="0"/>
      <line num="138" count="2" type="cond" truecount="2" falsecount="0"/>
      <line num="139" count="2" type="stmt"/>
      <line num="141" count="2" type="cond" truecount="2" falsecount="0"/>
      <line num="142" count="2" type="cond" truecount="2" falsecount="0"/>
      <line num="144" count="2" type="stmt"/>
      <line num="148" count="1" type="stmt"/>
      <line num="149" count="4" type="cond" truecount="1" falsecount="1"/>
      <line num="150" count="4" type="stmt"/>
      <line num="152" count="4" type="stmt"/>
      <line num="153" count="4" type="stmt"/>
      <line num="154" count="4" type="stmt"/>
      <line num="155" count="4" type="stmt"/>
      <line num="157" count="4" type="cond" truecount="2" falsecount="0"/>
      <line num="158" count="1" type="stmt"/>
      <line num="159" count="1" type="stmt"/>
      <line num="161" count="3" type="stmt"/>
      <line num="162" count="3" type="stmt"/>
      <line num="164" count="3" type="stmt"/>
      <line num="165" count="3" type="cond" truecount="1" falsecount="1"/>
      <line num="166" count="3" type="stmt"/>
      <line num="168" count="3" type="stmt"/>
      <line num="171" count="3" type="stmt"/>
      <line num="172" count="12" type="stmt"/>
      <line num="173" count="12" type="stmt"/>
      <line num="174" count="12" type="cond" truecount="2" falsecount="0"/>
      <line num="175" count="2" type="stmt"/>
      <line num="176" count="2" type="stmt"/>
      <line num="178" count="10" type="stmt"/>
      <line num="180" count="3" type="stmt"/>
      <line num="182" count="3" type="cond" truecount="2" falsecount="0"/>
      <line num="183" count="2" type="stmt"/>
      <line num="184" count="2" type="stmt"/>
      <line num="185" count="2" type="stmt"/>
      <line num="186" count="2" type="stmt"/>
      <line num="189" count="1" type="stmt"/>
      <line num="195" count="1" type="stmt"/>
      <line num="196" count="8" type="stmt"/>
      <line num="197" count="8" type="stmt"/>
      <line num="213" count="2" type="stmt"/>
      <line num="220" count="1" type="stmt"/>
      <line num="227" count="2" type="stmt"/>
      <line num="228" count="2" type="stmt"/>
      <line num="229" count="1" type="stmt"/>
      <line num="230" count="1" type="stmt"/>
      <line num="236" count="3" type="stmt"/>
      <line num="241" count="3" type="stmt"/>
      <line num="242" count="3" type="stmt"/>
      <line num="243" count="3" type="stmt"/>
      <line num="245" count="3" type="cond" truecount="2" falsecount="0"/>
      <line num="246" count="3" type="stmt"/>
      <line num="249" count="3" type="stmt"/>
      <line num="251" count="2" type="stmt"/>
      <line num="252" count="2" type="stmt"/>
      <line num="253" count="1" type="stmt"/>
      <line num="269" count="1" type="stmt"/>
      <line num="270" count="1" type="cond" truecount="1" falsecount="1"/>
      <line num="271" count="1" type="stmt"/>
      <line num="272" count="1" type="stmt"/>
      <line num="273" count="1" type="cond" truecount="1" falsecount="1"/>
      <line num="274" count="1" type="stmt"/>
      <line num="278" count="8" type="cond" truecount="2" falsecount="0"/>
      <line num="279" count="6" type="stmt"/>
      <line num="281" count="2" type="stmt"/>
      <line num="282" count="2" type="stmt"/>
      <line num="283" count="2" type="stmt"/>
      <line num="284" count="2" type="stmt"/>
      <line num="286" count="2" type="stmt"/>
      <line num="287" count="3" type="stmt"/>
      <line num="288" count="3" type="cond" truecount="2" falsecount="0"/>
      <line num="289" count="1" type="cond" truecount="1" falsecount="1"/>
      <line num="291" count="1" type="stmt"/>
      <line num="294" count="2" type="stmt"/>
    </file>
  </project>
</coverage>
