<?xml version="1.0" encoding="UTF-8"?>
<coverage generated="1763217707321" clover="3.2.0">
  <project timestamp="1763217707321" name="All files">
    <metrics statements="123" coveredstatements="123" conditionals="50" coveredconditionals="41" methods="23" coveredmethods="23" elements="196" coveredelements="187" complexity="0" loc="123" ncloc="123" packages="1" files="1" classes="1"/>
    <file name="qa-cli.ts" path="C:\Users\bmorz\repos\CLITool\qa-cli.ts">
      <metrics statements="123" coveredstatements="123" conditionals="50" coveredconditionals="41" methods="23" coveredmethods="23"/>
      <line num="3" count="1" type="stmt"/>
      <line num="4" count="1" type="stmt"/>
      <line num="5" count="1" type="stmt"/>
      <line num="6" count="1" type="stmt"/>
      <line num="9" count="1" type="cond" truecount="2" falsecount="0"/>
      <line num="10" count="1" type="stmt"/>
      <line num="11" count="1" type="stmt"/>
      <line num="14" count="1" type="stmt"/>
      <line num="45" count="1" type="stmt"/>
      <line num="52" count="1" type="stmt"/>
      <line num="63" count="1" type="stmt"/>
      <line num="64" count="45" type="cond" truecount="1" falsecount="0"/>
      <line num="65" count="8" type="cond" truecount="0" falsecount="1"/>
      <line num="68" count="2" type="stmt"/>
      <line num="69" count="2" type="stmt"/>
      <line num="70" count="2" type="stmt"/>
      <line num="71" count="2" type="stmt"/>
      <line num="72" count="2" type="stmt"/>
      <line num="73" count="2" type="stmt"/>
      <line num="74" count="2" type="stmt"/>
      <line num="75" count="2" type="stmt"/>
      <line num="76" count="2" type="stmt"/>
      <line num="80" count="2" type="stmt"/>
      <line num="81" count="2" type="stmt"/>
      <line num="82" count="2" type="stmt"/>
      <line num="83" count="2" type="stmt"/>
      <line num="84" count="2" type="stmt"/>
      <line num="87" count="1" type="stmt"/>
      <line num="88" count="5" type="stmt"/>
      <line num="89" count="10" type="stmt"/>
      <line num="93" count="1" type="stmt"/>
      <line num="94" count="4" type="cond" truecount="4" falsecount="0"/>
      <line num="95" count="1" type="stmt"/>
      <line num="98" count="3" type="stmt"/>
      <line num="99" count="27" type="stmt"/>
      <line num="100" count="6" type="cond" truecount="2" falsecount="0"/>
      <line num="102" count="6" type="stmt"/>
      <line num="104" count="6" type="stmt"/>
      <line num="105" count="24" type="stmt"/>
      <line num="106" count="24" type="cond" truecount="4" falsecount="0"/>
      <line num="107" count="6" type="cond" truecount="1" falsecount="1"/>
      <line num="108" count="6" type="stmt"/>
      <line num="110" count="6" type="stmt"/>
      <line num="111" count="6" type="stmt"/>
      <line num="112" count="6" type="cond" truecount="2" falsecount="0"/>
      <line num="113" count="3" type="stmt"/>
      <line num="114" count="3" type="stmt"/>
      <line num="120" count="3" type="stmt"/>
      <line num="125" count="1" type="stmt"/>
      <line num="126" count="4" type="stmt"/>
      <line num="127" count="4" type="cond" truecount="2" falsecount="0"/>
      <line num="128" count="2" type="cond" truecount="2" falsecount="0"/>
      <line num="129" count="2" type="stmt"/>
      <line num="131" count="2" type="cond" truecount="2" falsecount="0"/>
      <line num="132" count="2" type="cond" truecount="2" falsecount="0"/>
      <line num="134" count="2" type="stmt"/>
      <line num="138" count="1" type="stmt"/>
      <line num="139" count="4" type="cond" truecount="1" falsecount="1"/>
      <line num="140" count="4" type="stmt"/>
      <line num="142" count="4" type="stmt"/>
      <line num="143" count="4" type="stmt"/>
      <line num="144" count="4" type="stmt"/>
      <line num="145" count="4" type="stmt"/>
      <line num="147" count="4" type="cond" truecount="2" falsecount="0"/>
      <line num="148" count="1" type="stmt"/>
      <line num="149" count="1" type="stmt"/>
      <line num="151" count="3" type="stmt"/>
      <line num="153" count="3" type="stmt"/>
      <line num="154" count="3" type="stmt"/>
      <line num="156" count="3" type="cond" truecount="1" falsecount="1"/>
      <line num="157" count="3" type="stmt"/>
      <line num="159" count="3" type="stmt"/>
      <line num="162" count="3" type="stmt"/>
      <line num="163" count="12" type="stmt"/>
      <line num="164" count="12" type="stmt"/>
      <line num="165" count="12" type="cond" truecount="2" falsecount="0"/>
      <line num="166" count="2" type="stmt"/>
      <line num="167" count="2" type="stmt"/>
      <line num="169" count="10" type="stmt"/>
      <line num="171" count="3" type="stmt"/>
      <line num="173" count="3" type="cond" truecount="2" falsecount="0"/>
      <line num="174" count="2" type="stmt"/>
      <line num="175" count="2" type="stmt"/>
      <line num="176" count="2" type="stmt"/>
      <line num="177" count="2" type="stmt"/>
      <line num="180" count="1" type="stmt"/>
      <line num="186" count="1" type="stmt"/>
      <line num="187" count="8" type="stmt"/>
      <line num="188" count="8" type="stmt"/>
      <line num="204" count="2" type="stmt"/>
      <line num="210" count="1" type="stmt"/>
      <line num="217" count="2" type="stmt"/>
      <line num="218" count="2" type="stmt"/>
      <line num="219" count="1" type="stmt"/>
      <line num="220" count="1" type="stmt"/>
      <line num="226" count="3" type="stmt"/>
      <line num="231" count="3" type="stmt"/>
      <line num="232" count="3" type="stmt"/>
      <line num="233" count="3" type="stmt"/>
      <line num="235" count="3" type="cond" truecount="2" falsecount="0"/>
      <line num="236" count="3" type="stmt"/>
      <line num="239" count="3" type="stmt"/>
      <line num="241" count="2" type="stmt"/>
      <line num="242" count="2" type="stmt"/>
      <line num="243" count="1" type="stmt"/>
      <line num="259" count="1" type="stmt"/>
      <line num="260" count="1" type="cond" truecount="1" falsecount="1"/>
      <line num="261" count="1" type="stmt"/>
      <line num="262" count="1" type="stmt"/>
      <line num="263" count="1" type="cond" truecount="1" falsecount="1"/>
      <line num="264" count="1" type="stmt"/>
      <line num="268" count="8" type="cond" truecount="2" falsecount="0"/>
      <line num="269" count="6" type="stmt"/>
      <line num="271" count="2" type="stmt"/>
      <line num="272" count="2" type="stmt"/>
      <line num="273" count="2" type="stmt"/>
      <line num="274" count="2" type="stmt"/>
      <line num="276" count="2" type="stmt"/>
      <line num="277" count="3" type="stmt"/>
      <line num="278" count="3" type="cond" truecount="2" falsecount="0"/>
      <line num="279" count="1" type="cond" truecount="1" falsecount="1"/>
      <line num="281" count="1" type="stmt"/>
      <line num="284" count="2" type="stmt"/>
    </file>
  </project>
</coverage>
