{"C:\\Users\\bmorz\\repos\\CLITool\\cli.ts": {"path":"C:\\Users\\bmorz\\repos\\CLITool\\cli.ts","statementMap":{"0":{"start":{"line":57,"column":0},"end":{"line":57,"column":16}},"1":{"start":{"line":74,"column":0},"end":{"line":74,"column":16}},"2":{"start":{"line":116,"column":0},"end":{"line":116,"column":7}},"3":{"start":{"line":141,"column":0},"end":{"line":141,"column":7}},"4":{"start":{"line":214,"column":0},"end":{"line":214,"column":7}},"5":{"start":{"line":3,"column":0},"end":{"line":3,"column":42}},"6":{"start":{"line":4,"column":0},"end":{"line":4,"column":32}},"7":{"start":{"line":6,"column":0},"end":{"line":6,"column":46}},"8":{"start":{"line":7,"column":0},"end":{"line":7,"column":59}},"9":{"start":{"line":9,"column":13},"end":{"line":9,"column":48}},"10":{"start":{"line":12,"column":15},"end":{"line":22,"column":2}},"11":{"start":{"line":55,"column":14},"end":{"line":55,"column":92}},"12":{"start":{"line":55,"column":45},"end":{"line":55,"column":92}},"13":{"start":{"line":55,"column":68},"end":{"line":55,"column":91}},"14":{"start":{"line":58,"column":2},"end":{"line":58,"column":58}},"15":{"start":{"line":58,"column":29},"end":{"line":58,"column":56}},"16":{"start":{"line":62,"column":2},"end":{"line":71,"column":3}},"17":{"start":{"line":63,"column":16},"end":{"line":63,"column":34}},"18":{"start":{"line":64,"column":18},"end":{"line":64,"column":38}},"19":{"start":{"line":65,"column":19},"end":{"line":65,"column":40}},"20":{"start":{"line":66,"column":17},"end":{"line":66,"column":36}},"21":{"start":{"line":67,"column":19},"end":{"line":67,"column":48}},"22":{"start":{"line":68,"column":19},"end":{"line":68,"column":40}},"23":{"start":{"line":70,"column":6},"end":{"line":70,"column":25}},"24":{"start":{"line":75,"column":2},"end":{"line":78,"column":3}},"25":{"start":{"line":76,"column":4},"end":{"line":76,"column":51}},"26":{"start":{"line":77,"column":4},"end":{"line":77,"column":11}},"27":{"start":{"line":80,"column":2},"end":{"line":80,"column":91}},"28":{"start":{"line":81,"column":2},"end":{"line":81,"column":76}},"29":{"start":{"line":82,"column":2},"end":{"line":82,"column":89}},"30":{"start":{"line":84,"column":2},"end":{"line":113,"column":3}},"31":{"start":{"line":85,"column":24},"end":{"line":85,"column":45}},"32":{"start":{"line":86,"column":4},"end":{"line":86,"column":94}},"33":{"start":{"line":87,"column":21},"end":{"line":87,"column":32}},"34":{"start":{"line":89,"column":4},"end":{"line":111,"column":5}},"35":{"start":{"line":90,"column":18},"end":{"line":90,"column":49}},"36":{"start":{"line":91,"column":20},"end":{"line":91,"column":33}},"37":{"start":{"line":93,"column":6},"end":{"line":110,"column":7}},"38":{"start":{"line":94,"column":26},"end":{"line":94,"column":38}},"39":{"start":{"line":95,"column":8},"end":{"line":100,"column":9}},"40":{"start":{"line":96,"column":23},"end":{"line":96,"column":50}},"41":{"start":{"line":96,"column":51},"end":{"line":96,"column":57}},"42":{"start":{"line":97,"column":23},"end":{"line":97,"column":48}},"43":{"start":{"line":97,"column":49},"end":{"line":97,"column":55}},"44":{"start":{"line":98,"column":26},"end":{"line":98,"column":54}},"45":{"start":{"line":98,"column":55},"end":{"line":98,"column":61}},"46":{"start":{"line":99,"column":26},"end":{"line":99,"column":51}},"47":{"start":{"line":99,"column":52},"end":{"line":99,"column":58}},"48":{"start":{"line":102,"column":8},"end":{"line":102,"column":106}},"49":{"start":{"line":104,"column":8},"end":{"line":109,"column":9}},"50":{"start":{"line":105,"column":10},"end":{"line":105,"column":57}},"51":{"start":{"line":106,"column":10},"end":{"line":108,"column":11}},"52":{"start":{"line":107,"column":12},"end":{"line":107,"column":125}},"53":{"start":{"line":112,"column":4},"end":{"line":112,"column":91}},"54":{"start":{"line":117,"column":2},"end":{"line":117,"column":50}},"55":{"start":{"line":118,"column":2},"end":{"line":138,"column":3}},"56":{"start":{"line":119,"column":21},"end":{"line":119,"column":64}},"57":{"start":{"line":120,"column":4},"end":{"line":120,"column":46}},"58":{"start":{"line":121,"column":4},"end":{"line":121,"column":31}},"59":{"start":{"line":122,"column":4},"end":{"line":122,"column":44}},"60":{"start":{"line":124,"column":4},"end":{"line":124,"column":77}},"61":{"start":{"line":125,"column":4},"end":{"line":137,"column":5}},"62":{"start":{"line":126,"column":6},"end":{"line":131,"column":7}},"63":{"start":{"line":127,"column":8},"end":{"line":127,"column":114}},"64":{"start":{"line":128,"column":13},"end":{"line":131,"column":7}},"65":{"start":{"line":129,"column":8},"end":{"line":129,"column":91}},"66":{"start":{"line":130,"column":8},"end":{"line":130,"column":98}},"67":{"start":{"line":132,"column":11},"end":{"line":137,"column":5}},"68":{"start":{"line":134,"column":6},"end":{"line":134,"column":79}},"69":{"start":{"line":136,"column":6},"end":{"line":136,"column":85}},"70":{"start":{"line":142,"column":25},"end":{"line":142,"column":82}},"71":{"start":{"line":142,"column":73},"end":{"line":142,"column":81}},"72":{"start":{"line":144,"column":2},"end":{"line":144,"column":41}},"73":{"start":{"line":145,"column":2},"end":{"line":145,"column":70}},"74":{"start":{"line":147,"column":2},"end":{"line":210,"column":3}},"75":{"start":{"line":148,"column":4},"end":{"line":148,"column":51}},"76":{"start":{"line":149,"column":25},"end":{"line":149,"column":82}},"77":{"start":{"line":150,"column":20},"end":{"line":150,"column":42}},"78":{"start":{"line":152,"column":25},"end":{"line":152,"column":67}},"79":{"start":{"line":154,"column":4},"end":{"line":157,"column":5}},"80":{"start":{"line":155,"column":6},"end":{"line":155,"column":105}},"81":{"start":{"line":156,"column":6},"end":{"line":156,"column":13}},"82":{"start":{"line":158,"column":4},"end":{"line":158,"column":75}},"83":{"start":{"line":160,"column":4},"end":{"line":160,"column":60}},"84":{"start":{"line":161,"column":25},"end":{"line":163,"column":6}},"85":{"start":{"line":165,"column":18},"end":{"line":165,"column":38}},"86":{"start":{"line":166,"column":4},"end":{"line":168,"column":5}},"87":{"start":{"line":167,"column":6},"end":{"line":167,"column":66}},"88":{"start":{"line":169,"column":4},"end":{"line":169,"column":52}},"89":{"start":{"line":171,"column":4},"end":{"line":171,"column":55}},"90":{"start":{"line":172,"column":49},"end":{"line":172,"column":58}},"91":{"start":{"line":173,"column":23},"end":{"line":173,"column":24}},"92":{"start":{"line":175,"column":4},"end":{"line":191,"column":5}},"93":{"start":{"line":176,"column":6},"end":{"line":176,"column":21}},"94":{"start":{"line":177,"column":6},"end":{"line":179,"column":7}},"95":{"start":{"line":178,"column":8},"end":{"line":178,"column":64}},"96":{"start":{"line":181,"column":27},"end":{"line":181,"column":100}},"97":{"start":{"line":182,"column":26},"end":{"line":182,"column":48}},"98":{"start":{"line":184,"column":6},"end":{"line":190,"column":7}},"99":{"start":{"line":185,"column":8},"end":{"line":185,"column":32}},"100":{"start":{"line":186,"column":8},"end":{"line":186,"column":86}},"101":{"start":{"line":188,"column":8},"end":{"line":188,"column":55}},"102":{"start":{"line":189,"column":8},"end":{"line":189,"column":26}},"103":{"start":{"line":193,"column":4},"end":{"line":193,"column":32}},"104":{"start":{"line":196,"column":4},"end":{"line":196,"column":77}},"105":{"start":{"line":197,"column":4},"end":{"line":209,"column":5}},"106":{"start":{"line":198,"column":6},"end":{"line":203,"column":7}},"107":{"start":{"line":199,"column":8},"end":{"line":199,"column":114}},"108":{"start":{"line":200,"column":13},"end":{"line":203,"column":7}},"109":{"start":{"line":201,"column":8},"end":{"line":201,"column":91}},"110":{"start":{"line":202,"column":8},"end":{"line":202,"column":98}},"111":{"start":{"line":204,"column":11},"end":{"line":209,"column":5}},"112":{"start":{"line":206,"column":6},"end":{"line":206,"column":79}},"113":{"start":{"line":208,"column":6},"end":{"line":208,"column":85}},"114":{"start":{"line":218,"column":17},"end":{"line":245,"column":6}},"115":{"start":{"line":224,"column":8},"end":{"line":229,"column":11}},"116":{"start":{"line":231,"column":16},"end":{"line":231,"column":29}},"117":{"start":{"line":237,"column":12},"end":{"line":237,"column":24}},"118":{"start":{"line":243,"column":6},"end":{"line":244,"column":63}},"119":{"start":{"line":243,"column":15},"end":{"line":243,"column":75}},"120":{"start":{"line":244,"column":11},"end":{"line":244,"column":63}},"121":{"start":{"line":247,"column":2},"end":{"line":250,"column":3}},"122":{"start":{"line":248,"column":4},"end":{"line":248,"column":46}},"123":{"start":{"line":249,"column":4},"end":{"line":249,"column":11}},"124":{"start":{"line":252,"column":13},"end":{"line":252,"column":56}},"125":{"start":{"line":253,"column":2},"end":{"line":253,"column":103}},"126":{"start":{"line":256,"column":4},"end":{"line":271,"column":5}},"127":{"start":{"line":257,"column":19},"end":{"line":257,"column":87}},"128":{"start":{"line":259,"column":6},"end":{"line":262,"column":7}},"129":{"start":{"line":260,"column":8},"end":{"line":260,"column":19}},"130":{"start":{"line":261,"column":8},"end":{"line":261,"column":15}},"131":{"start":{"line":264,"column":6},"end":{"line":268,"column":7}},"132":{"start":{"line":267,"column":8},"end":{"line":267,"column":33}},"133":{"start":{"line":270,"column":6},"end":{"line":270,"column":86}},"134":{"start":{"line":272,"column":4},"end":{"line":272,"column":22}},"135":{"start":{"line":275,"column":2},"end":{"line":275,"column":26}},"136":{"start":{"line":278,"column":0},"end":{"line":280,"column":1}},"137":{"start":{"line":279,"column":2},"end":{"line":279,"column":9}}},"fnMap":{"0":{"name":"(anonymous_10)","decl":{"start":{"line":55,"column":14},"end":{"line":55,"column":15}},"loc":{"start":{"line":55,"column":45},"end":{"line":55,"column":92}}},"1":{"name":"(anonymous_11)","decl":{"start":{"line":55,"column":57},"end":{"line":55,"column":64}},"loc":{"start":{"line":55,"column":68},"end":{"line":55,"column":91}}},"2":{"name":"filterDataByColor","decl":{"start":{"line":57,"column":16},"end":{"line":57,"column":33}},"loc":{"start":{"line":57,"column":68},"end":{"line":59,"column":1}}},"3":{"name":"(anonymous_13)","decl":{"start":{"line":58,"column":21},"end":{"line":58,"column":25}},"loc":{"start":{"line":58,"column":29},"end":{"line":58,"column":56}}},"4":{"name":"getHeaderColor","decl":{"start":{"line":61,"column":9},"end":{"line":61,"column":23}},"loc":{"start":{"line":61,"column":41},"end":{"line":72,"column":1}}},"5":{"name":"formatAndDisplay","decl":{"start":{"line":74,"column":16},"end":{"line":74,"column":32}},"loc":{"start":{"line":74,"column":54},"end":{"line":114,"column":1}}},"6":{"name":"getApiHelp","decl":{"start":{"line":116,"column":22},"end":{"line":116,"column":32}},"loc":{"start":{"line":116,"column":32},"end":{"line":139,"column":1}}},"7":{"name":"runFlow","decl":{"start":{"line":141,"column":22},"end":{"line":141,"column":29}},"loc":{"start":{"line":141,"column":55},"end":{"line":211,"column":1}}},"8":{"name":"(anonymous_18)","decl":{"start":{"line":142,"column":68},"end":{"line":142,"column":69}},"loc":{"start":{"line":142,"column":73},"end":{"line":142,"column":81}}},"9":{"name":"main","decl":{"start":{"line":214,"column":22},"end":{"line":214,"column":26}},"loc":{"start":{"line":214,"column":26},"end":{"line":276,"column":1}}},"10":{"name":"(anonymous_20)","decl":{"start":{"line":223,"column":6},"end":{"line":223,"column":7}},"loc":{"start":{"line":223,"column":16},"end":{"line":230,"column":7}}},"11":{"name":"(anonymous_21)","decl":{"start":{"line":231,"column":6},"end":{"line":231,"column":7}},"loc":{"start":{"line":231,"column":16},"end":{"line":231,"column":29}}},"12":{"name":"(anonymous_22)","decl":{"start":{"line":236,"column":6},"end":{"line":236,"column":9}},"loc":{"start":{"line":236,"column":11},"end":{"line":236,"column":14}}},"13":{"name":"(anonymous_23)","decl":{"start":{"line":237,"column":6},"end":{"line":237,"column":9}},"loc":{"start":{"line":237,"column":12},"end":{"line":237,"column":24}}},"14":{"name":"(anonymous_24)","decl":{"start":{"line":242,"column":10},"end":{"line":242,"column":11}},"loc":{"start":{"line":242,"column":23},"end":{"line":245,"column":5}}},"15":{"name":"recursivePrompt","decl":{"start":{"line":255,"column":17},"end":{"line":255,"column":32}},"loc":{"start":{"line":255,"column":32},"end":{"line":273,"column":3}}}},"branchMap":{"0":{"loc":{"start":{"line":62,"column":2},"end":{"line":71,"column":3}},"type":"switch","locations":[{"start":{"line":63,"column":4},"end":{"line":63,"column":34}},{"start":{"line":64,"column":4},"end":{"line":64,"column":38}},{"start":{"line":65,"column":4},"end":{"line":65,"column":40}},{"start":{"line":66,"column":4},"end":{"line":66,"column":36}},{"start":{"line":67,"column":4},"end":{"line":67,"column":48}},{"start":{"line":68,"column":4},"end":{"line":68,"column":40}},{"start":{"line":69,"column":4},"end":{"line":70,"column":25}}]},"1":{"loc":{"start":{"line":75,"column":2},"end":{"line":78,"column":3}},"type":"if","locations":[{"start":{"line":75,"column":2},"end":{"line":78,"column":3}},{"start":{},"end":{}}]},"2":{"loc":{"start":{"line":75,"column":6},"end":{"line":75,"column":45}},"type":"binary-expr","locations":[{"start":{"line":75,"column":6},"end":{"line":75,"column":11}},{"start":{"line":75,"column":15},"end":{"line":75,"column":45}}]},"3":{"loc":{"start":{"line":93,"column":6},"end":{"line":110,"column":7}},"type":"if","locations":[{"start":{"line":93,"column":6},"end":{"line":110,"column":7}},{"start":{},"end":{}}]},"4":{"loc":{"start":{"line":95,"column":8},"end":{"line":100,"column":9}},"type":"switch","locations":[{"start":{"line":96,"column":10},"end":{"line":96,"column":57}},{"start":{"line":97,"column":10},"end":{"line":97,"column":55}},{"start":{"line":98,"column":10},"end":{"line":98,"column":61}},{"start":{"line":99,"column":10},"end":{"line":99,"column":58}}]},"5":{"loc":{"start":{"line":106,"column":10},"end":{"line":108,"column":11}},"type":"if","locations":[{"start":{"line":106,"column":10},"end":{"line":108,"column":11}},{"start":{},"end":{}}]},"6":{"loc":{"start":{"line":125,"column":4},"end":{"line":137,"column":5}},"type":"if","locations":[{"start":{"line":125,"column":4},"end":{"line":137,"column":5}},{"start":{"line":132,"column":11},"end":{"line":137,"column":5}}]},"7":{"loc":{"start":{"line":126,"column":6},"end":{"line":131,"column":7}},"type":"if","locations":[{"start":{"line":126,"column":6},"end":{"line":131,"column":7}},{"start":{"line":128,"column":13},"end":{"line":131,"column":7}}]},"8":{"loc":{"start":{"line":128,"column":13},"end":{"line":131,"column":7}},"type":"if","locations":[{"start":{"line":128,"column":13},"end":{"line":131,"column":7}},{"start":{},"end":{}}]},"9":{"loc":{"start":{"line":132,"column":11},"end":{"line":137,"column":5}},"type":"if","locations":[{"start":{"line":132,"column":11},"end":{"line":137,"column":5}},{"start":{"line":135,"column":11},"end":{"line":137,"column":5}}]},"10":{"loc":{"start":{"line":132,"column":15},"end":{"line":132,"column":71}},"type":"binary-expr","locations":[{"start":{"line":132,"column":15},"end":{"line":132,"column":20}},{"start":{"line":132,"column":24},"end":{"line":132,"column":49}},{"start":{"line":132,"column":53},"end":{"line":132,"column":71}}]},"11":{"loc":{"start":{"line":142,"column":26},"end":{"line":142,"column":51}},"type":"binary-expr","locations":[{"start":{"line":142,"column":26},"end":{"line":142,"column":37}},{"start":{"line":142,"column":41},"end":{"line":142,"column":51}}]},"12":{"loc":{"start":{"line":154,"column":4},"end":{"line":157,"column":5}},"type":"if","locations":[{"start":{"line":154,"column":4},"end":{"line":157,"column":5}},{"start":{},"end":{}}]},"13":{"loc":{"start":{"line":166,"column":4},"end":{"line":168,"column":5}},"type":"if","locations":[{"start":{"line":166,"column":4},"end":{"line":168,"column":5}},{"start":{},"end":{}}]},"14":{"loc":{"start":{"line":177,"column":6},"end":{"line":179,"column":7}},"type":"if","locations":[{"start":{"line":177,"column":6},"end":{"line":179,"column":7}},{"start":{},"end":{}}]},"15":{"loc":{"start":{"line":184,"column":6},"end":{"line":190,"column":7}},"type":"if","locations":[{"start":{"line":184,"column":6},"end":{"line":190,"column":7}},{"start":{"line":187,"column":13},"end":{"line":190,"column":7}}]},"16":{"loc":{"start":{"line":197,"column":4},"end":{"line":209,"column":5}},"type":"if","locations":[{"start":{"line":197,"column":4},"end":{"line":209,"column":5}},{"start":{"line":204,"column":11},"end":{"line":209,"column":5}}]},"17":{"loc":{"start":{"line":198,"column":6},"end":{"line":203,"column":7}},"type":"if","locations":[{"start":{"line":198,"column":6},"end":{"line":203,"column":7}},{"start":{"line":200,"column":13},"end":{"line":203,"column":7}}]},"18":{"loc":{"start":{"line":200,"column":13},"end":{"line":203,"column":7}},"type":"if","locations":[{"start":{"line":200,"column":13},"end":{"line":203,"column":7}},{"start":{},"end":{}}]},"19":{"loc":{"start":{"line":204,"column":11},"end":{"line":209,"column":5}},"type":"if","locations":[{"start":{"line":204,"column":11},"end":{"line":209,"column":5}},{"start":{"line":207,"column":11},"end":{"line":209,"column":5}}]},"20":{"loc":{"start":{"line":204,"column":15},"end":{"line":204,"column":71}},"type":"binary-expr","locations":[{"start":{"line":204,"column":15},"end":{"line":204,"column":20}},{"start":{"line":204,"column":24},"end":{"line":204,"column":49}},{"start":{"line":204,"column":53},"end":{"line":204,"column":71}}]},"21":{"loc":{"start":{"line":243,"column":6},"end":{"line":244,"column":63}},"type":"if","locations":[{"start":{"line":243,"column":6},"end":{"line":244,"column":63}},{"start":{"line":244,"column":11},"end":{"line":244,"column":63}}]},"22":{"loc":{"start":{"line":247,"column":2},"end":{"line":250,"column":3}},"type":"if","locations":[{"start":{"line":247,"column":2},"end":{"line":250,"column":3}},{"start":{},"end":{}}]},"23":{"loc":{"start":{"line":259,"column":6},"end":{"line":262,"column":7}},"type":"if","locations":[{"start":{"line":259,"column":6},"end":{"line":262,"column":7}},{"start":{},"end":{}}]},"24":{"loc":{"start":{"line":264,"column":6},"end":{"line":268,"column":7}},"type":"if","locations":[{"start":{"line":264,"column":6},"end":{"line":268,"column":7}},{"start":{},"end":{}}]},"25":{"loc":{"start":{"line":278,"column":0},"end":{"line":280,"column":1}},"type":"if","locations":[{"start":{"line":278,"column":0},"end":{"line":280,"column":1}},{"start":{},"end":{}}]}},"s":{"0":1,"1":1,"2":1,"3":1,"4":1,"5":1,"6":1,"7":1,"8":1,"9":1,"10":1,"11":1,"12":10,"13":10,"14":11,"15":50,"16":13,"17":4,"18":0,"19":1,"20":1,"21":4,"22":1,"23":2,"24":7,"25":2,"26":2,"27":5,"28":5,"29":5,"30":5,"31":13,"32":13,"33":13,"34":13,"35":52,"36":52,"37":52,"38":25,"39":25,"40":13,"41":13,"42":4,"43":4,"44":4,"45":4,"46":4,"47":4,"48":25,"49":25,"50":25,"51":25,"52":4,"53":13,"54":6,"55":6,"56":6,"57":2,"58":2,"59":2,"60":4,"61":4,"62":2,"63":1,"64":1,"65":1,"66":1,"67":2,"68":1,"69":1,"70":13,"71":14,"72":13,"73":13,"74":13,"75":13,"76":13,"77":9,"78":9,"79":9,"80":2,"81":2,"82":7,"83":7,"84":7,"85":6,"86":6,"87":1,"88":5,"89":5,"90":5,"91":5,"92":5,"93":15,"94":15,"95":1,"96":14,"97":13,"98":13,"99":3,"100":3,"101":10,"102":10,"103":3,"104":8,"105":8,"106":4,"107":1,"108":3,"109":3,"110":3,"111":4,"112":3,"113":1,"114":4,"115":2,"116":2,"117":1,"118":0,"119":0,"120":0,"121":4,"122":1,"123":1,"124":3,"125":3,"126":6,"127":6,"128":6,"129":3,"130":3,"131":3,"132":2,"133":0,"134":3,"135":3,"136":1,"137":0},"f":{"0":10,"1":10,"2":11,"3":50,"4":13,"5":7,"6":6,"7":13,"8":14,"9":4,"10":2,"11":2,"12":1,"13":1,"14":0,"15":6},"b":{"0":[4,0,1,1,4,1,2],"1":[2,5],"2":[7,6],"3":[25,27],"4":[13,4,4,4],"5":[4,21],"6":[2,2],"7":[1,1],"8":[1,0],"9":[1,1],"10":[2,2,1],"11":[13,1],"12":[2,7],"13":[1,5],"14":[1,14],"15":[3,10],"16":[4,4],"17":[1,3],"18":[3,0],"19":[3,1],"20":[4,4,3],"21":[0,0],"22":[1,3],"23":[3,3],"24":[2,1],"25":[0,1]}}
}
