{"C:\\Users\\bmorz\\repos\\CLITool\\qa-cli.ts": {"path":"C:\\Users\\bmorz\\repos\\CLITool\\qa-cli.ts","statementMap":{"0":{"start":{"line":94,"column":0},"end":{"line":94,"column":16}},"1":{"start":{"line":103,"column":0},"end":{"line":103,"column":16}},"2":{"start":{"line":135,"column":0},"end":{"line":135,"column":16}},"3":{"start":{"line":162,"column":0},"end":{"line":162,"column":7}},"4":{"start":{"line":213,"column":0},"end":{"line":213,"column":7}},"5":{"start":{"line":3,"column":0},"end":{"line":3,"column":26}},"6":{"start":{"line":4,"column":0},"end":{"line":4,"column":32}},"7":{"start":{"line":5,"column":0},"end":{"line":5,"column":46}},"8":{"start":{"line":6,"column":0},"end":{"line":6,"column":59}},"9":{"start":{"line":9,"column":13},"end":{"line":9,"column":71}},"10":{"start":{"line":10,"column":13},"end":{"line":10,"column":36}},"11":{"start":{"line":11,"column":13},"end":{"line":11,"column":37}},"12":{"start":{"line":14,"column":15},"end":{"line":26,"column":2}},"13":{"start":{"line":47,"column":49},"end":{"line":52,"column":2}},"14":{"start":{"line":54,"column":49},"end":{"line":63,"column":2}},"15":{"start":{"line":65,"column":31},"end":{"line":65,"column":33}},"16":{"start":{"line":66,"column":16},"end":{"line":66,"column":117}},"17":{"start":{"line":66,"column":64},"end":{"line":66,"column":117}},"18":{"start":{"line":67,"column":21},"end":{"line":67,"column":108}},"19":{"start":{"line":67,"column":74},"end":{"line":67,"column":108}},"20":{"start":{"line":71,"column":2},"end":{"line":71,"column":22}},"21":{"start":{"line":72,"column":2},"end":{"line":72,"column":43}},"22":{"start":{"line":73,"column":2},"end":{"line":73,"column":90}},"23":{"start":{"line":74,"column":2},"end":{"line":74,"column":90}},"24":{"start":{"line":75,"column":2},"end":{"line":75,"column":90}},"25":{"start":{"line":76,"column":2},"end":{"line":76,"column":90}},"26":{"start":{"line":77,"column":2},"end":{"line":77,"column":90}},"27":{"start":{"line":78,"column":2},"end":{"line":78,"column":43}},"28":{"start":{"line":79,"column":2},"end":{"line":79,"column":41}},"29":{"start":{"line":83,"column":2},"end":{"line":83,"column":32}},"30":{"start":{"line":84,"column":2},"end":{"line":84,"column":123}},"31":{"start":{"line":85,"column":2},"end":{"line":85,"column":123}},"32":{"start":{"line":86,"column":2},"end":{"line":86,"column":123}},"33":{"start":{"line":87,"column":2},"end":{"line":87,"column":32}},"34":{"start":{"line":90,"column":30},"end":{"line":92,"column":1}},"35":{"start":{"line":91,"column":2},"end":{"line":91,"column":51}},"36":{"start":{"line":90,"column":13},"end":{"line":90,"column":30}},"37":{"start":{"line":95,"column":33},"end":{"line":95,"column":65}},"38":{"start":{"line":97,"column":2},"end":{"line":100,"column":5}},"39":{"start":{"line":98,"column":32},"end":{"line":98,"column":58}},"40":{"start":{"line":99,"column":4},"end":{"line":99,"column":64}},"41":{"start":{"line":104,"column":2},"end":{"line":106,"column":3}},"42":{"start":{"line":105,"column":4},"end":{"line":105,"column":73}},"43":{"start":{"line":108,"column":2},"end":{"line":129,"column":3}},"44":{"start":{"line":109,"column":22},"end":{"line":109,"column":98}},"45":{"start":{"line":109,"column":62},"end":{"line":109,"column":97}},"46":{"start":{"line":110,"column":24},"end":{"line":110,"column":77}},"47":{"start":{"line":112,"column":4},"end":{"line":112,"column":74}},"48":{"start":{"line":114,"column":5},"end":{"line":128,"column":7}},"49":{"start":{"line":115,"column":20},"end":{"line":115,"column":39}},"50":{"start":{"line":116,"column":6},"end":{"line":127,"column":7}},"51":{"start":{"line":117,"column":28},"end":{"line":117,"column":71}},"52":{"start":{"line":118,"column":8},"end":{"line":118,"column":82}},"53":{"start":{"line":120,"column":8},"end":{"line":126,"column":11}},"54":{"start":{"line":121,"column":10},"end":{"line":121,"column":53}},"55":{"start":{"line":122,"column":10},"end":{"line":125,"column":11}},"56":{"start":{"line":123,"column":24},"end":{"line":123,"column":66}},"57":{"start":{"line":124,"column":12},"end":{"line":124,"column":62}},"58":{"start":{"line":130,"column":2},"end":{"line":130,"column":35}},"59":{"start":{"line":136,"column":2},"end":{"line":136,"column":63}},"60":{"start":{"line":138,"column":2},"end":{"line":159,"column":3}},"61":{"start":{"line":139,"column":4},"end":{"line":155,"column":5}},"62":{"start":{"line":141,"column":6},"end":{"line":141,"column":56}},"63":{"start":{"line":142,"column":18},"end":{"line":142,"column":54}},"64":{"start":{"line":143,"column":6},"end":{"line":143,"column":87}},"65":{"start":{"line":145,"column":11},"end":{"line":155,"column":5}},"66":{"start":{"line":147,"column":6},"end":{"line":147,"column":49}},"67":{"start":{"line":148,"column":6},"end":{"line":148,"column":56}},"68":{"start":{"line":149,"column":6},"end":{"line":149,"column":67}},"69":{"start":{"line":153,"column":6},"end":{"line":153,"column":59}},"70":{"start":{"line":154,"column":6},"end":{"line":154,"column":49}},"71":{"start":{"line":158,"column":4},"end":{"line":158,"column":33}},"72":{"start":{"line":163,"column":20},"end":{"line":163,"column":47}},"73":{"start":{"line":164,"column":25},"end":{"line":167,"column":30}},"74":{"start":{"line":165,"column":22},"end":{"line":165,"column":38}},"75":{"start":{"line":166,"column":14},"end":{"line":166,"column":22}},"76":{"start":{"line":167,"column":17},"end":{"line":167,"column":29}},"77":{"start":{"line":168,"column":2},"end":{"line":168,"column":85}},"78":{"start":{"line":170,"column":2},"end":{"line":208,"column":3}},"79":{"start":{"line":171,"column":4},"end":{"line":171,"column":64}},"80":{"start":{"line":172,"column":30},"end":{"line":172,"column":65}},"81":{"start":{"line":173,"column":21},"end":{"line":173,"column":68}},"82":{"start":{"line":175,"column":4},"end":{"line":178,"column":5}},"83":{"start":{"line":176,"column":6},"end":{"line":176,"column":89}},"84":{"start":{"line":177,"column":6},"end":{"line":177,"column":13}},"85":{"start":{"line":179,"column":4},"end":{"line":179,"column":53}},"86":{"start":{"line":180,"column":4},"end":{"line":180,"column":76}},"87":{"start":{"line":182,"column":26},"end":{"line":182,"column":90}},"88":{"start":{"line":183,"column":4},"end":{"line":183,"column":56}},"89":{"start":{"line":183,"column":17},"end":{"line":183,"column":56}},"90":{"start":{"line":184,"column":4},"end":{"line":184,"column":39}},"91":{"start":{"line":186,"column":4},"end":{"line":186,"column":37}},"92":{"start":{"line":189,"column":4},"end":{"line":197,"column":5}},"93":{"start":{"line":189,"column":17},"end":{"line":189,"column":18}},"94":{"start":{"line":190,"column":6},"end":{"line":190,"column":32}},"95":{"start":{"line":191,"column":29},"end":{"line":191,"column":85}},"96":{"start":{"line":192,"column":6},"end":{"line":195,"column":7}},"97":{"start":{"line":193,"column":8},"end":{"line":193,"column":27}},"98":{"start":{"line":194,"column":8},"end":{"line":194,"column":14}},"99":{"start":{"line":196,"column":6},"end":{"line":196,"column":62}},"100":{"start":{"line":196,"column":29},"end":{"line":196,"column":60}},"101":{"start":{"line":198,"column":4},"end":{"line":198,"column":22}},"102":{"start":{"line":200,"column":4},"end":{"line":200,"column":55}},"103":{"start":{"line":200,"column":17},"end":{"line":200,"column":55}},"104":{"start":{"line":201,"column":4},"end":{"line":201,"column":24}},"105":{"start":{"line":202,"column":4},"end":{"line":202,"column":49}},"106":{"start":{"line":203,"column":25},"end":{"line":203,"column":45}},"107":{"start":{"line":204,"column":4},"end":{"line":204,"column":30}},"108":{"start":{"line":207,"column":4},"end":{"line":207,"column":20}},"109":{"start":{"line":214,"column":26},"end":{"line":214,"column":30}},"110":{"start":{"line":215,"column":17},"end":{"line":291,"column":6}},"111":{"start":{"line":231,"column":13},"end":{"line":237,"column":8}},"112":{"start":{"line":238,"column":16},"end":{"line":238,"column":45}},"113":{"start":{"line":245,"column":8},"end":{"line":248,"column":36}},"114":{"start":{"line":246,"column":24},"end":{"line":246,"column":59}},"115":{"start":{"line":247,"column":12},"end":{"line":247,"column":96}},"116":{"start":{"line":248,"column":22},"end":{"line":248,"column":34}},"117":{"start":{"line":254,"column":15},"end":{"line":257,"column":127}},"118":{"start":{"line":259,"column":12},"end":{"line":271,"column":40}},"119":{"start":{"line":260,"column":33},"end":{"line":260,"column":56}},"120":{"start":{"line":261,"column":28},"end":{"line":261,"column":72}},"121":{"start":{"line":263,"column":29},"end":{"line":263,"column":74}},"122":{"start":{"line":264,"column":16},"end":{"line":264,"column":98}},"123":{"start":{"line":267,"column":28},"end":{"line":267,"column":75}},"124":{"start":{"line":269,"column":16},"end":{"line":269,"column":83}},"125":{"start":{"line":270,"column":16},"end":{"line":270,"column":69}},"126":{"start":{"line":271,"column":26},"end":{"line":271,"column":38}},"127":{"start":{"line":284,"column":6},"end":{"line":284,"column":79}},"128":{"start":{"line":285,"column":6},"end":{"line":286,"column":63}},"129":{"start":{"line":285,"column":15},"end":{"line":285,"column":29}},"130":{"start":{"line":286,"column":11},"end":{"line":286,"column":63}},"131":{"start":{"line":287,"column":6},"end":{"line":287,"column":97}},"132":{"start":{"line":288,"column":6},"end":{"line":290,"column":8}},"133":{"start":{"line":289,"column":9},"end":{"line":289,"column":25}},"134":{"start":{"line":293,"column":2},"end":{"line":309,"column":3}},"135":{"start":{"line":294,"column":4},"end":{"line":294,"column":25}},"136":{"start":{"line":296,"column":4},"end":{"line":296,"column":30}},"137":{"start":{"line":297,"column":15},"end":{"line":297,"column":58}},"138":{"start":{"line":298,"column":4},"end":{"line":298,"column":43}},"139":{"start":{"line":299,"column":4},"end":{"line":299,"column":115}},"140":{"start":{"line":301,"column":4},"end":{"line":307,"column":5}},"141":{"start":{"line":302,"column":19},"end":{"line":302,"column":76}},"142":{"start":{"line":303,"column":6},"end":{"line":303,"column":75}},"143":{"start":{"line":303,"column":69},"end":{"line":303,"column":75}},"144":{"start":{"line":304,"column":6},"end":{"line":306,"column":7}},"145":{"start":{"line":305,"column":8},"end":{"line":305,"column":40}},"146":{"start":{"line":308,"column":4},"end":{"line":308,"column":15}}},"fnMap":{"0":{"name":"(anonymous_10)","decl":{"start":{"line":66,"column":16},"end":{"line":66,"column":17}},"loc":{"start":{"line":66,"column":64},"end":{"line":66,"column":117}}},"1":{"name":"(anonymous_11)","decl":{"start":{"line":67,"column":21},"end":{"line":67,"column":22}},"loc":{"start":{"line":67,"column":74},"end":{"line":67,"column":108}}},"2":{"name":"displayBlockHeader","decl":{"start":{"line":70,"column":9},"end":{"line":70,"column":27}},"loc":{"start":{"line":70,"column":55},"end":{"line":80,"column":1}}},"3":{"name":"displayASCIIReportHeader","decl":{"start":{"line":82,"column":9},"end":{"line":82,"column":33}},"loc":{"start":{"line":82,"column":61},"end":{"line":88,"column":1}}},"4":{"name":"(anonymous_14)","decl":{"start":{"line":90,"column":30},"end":{"line":90,"column":31}},"loc":{"start":{"line":90,"column":52},"end":{"line":92,"column":1}}},"5":{"name":"filterDataByColor","decl":{"start":{"line":94,"column":16},"end":{"line":94,"column":33}},"loc":{"start":{"line":94,"column":74},"end":{"line":101,"column":1}}},"6":{"name":"(anonymous_16)","decl":{"start":{"line":97,"column":21},"end":{"line":97,"column":25}},"loc":{"start":{"line":97,"column":28},"end":{"line":100,"column":3}}},"7":{"name":"formatResult","decl":{"start":{"line":103,"column":16},"end":{"line":103,"column":28}},"loc":{"start":{"line":103,"column":50},"end":{"line":131,"column":1}}},"8":{"name":"(anonymous_18)","decl":{"start":{"line":109,"column":57},"end":{"line":109,"column":58}},"loc":{"start":{"line":109,"column":62},"end":{"line":109,"column":97}}},"9":{"name":"(anonymous_19)","decl":{"start":{"line":114,"column":62},"end":{"line":114,"column":63}},"loc":{"start":{"line":114,"column":76},"end":{"line":128,"column":5}}},"10":{"name":"(anonymous_20)","decl":{"start":{"line":120,"column":22},"end":{"line":120,"column":26}},"loc":{"start":{"line":120,"column":29},"end":{"line":126,"column":9}}},"11":{"name":"logError","decl":{"start":{"line":135,"column":16},"end":{"line":135,"column":24}},"loc":{"start":{"line":135,"column":39},"end":{"line":160,"column":1}}},"12":{"name":"generateFormattedReport","decl":{"start":{"line":162,"column":22},"end":{"line":162,"column":45}},"loc":{"start":{"line":162,"column":73},"end":{"line":209,"column":1}}},"13":{"name":"(anonymous_23)","decl":{"start":{"line":165,"column":13},"end":{"line":165,"column":18}},"loc":{"start":{"line":165,"column":22},"end":{"line":165,"column":38}}},"14":{"name":"(anonymous_24)","decl":{"start":{"line":166,"column":9},"end":{"line":166,"column":10}},"loc":{"start":{"line":166,"column":14},"end":{"line":166,"column":22}}},"15":{"name":"(anonymous_25)","decl":{"start":{"line":167,"column":12},"end":{"line":167,"column":13}},"loc":{"start":{"line":167,"column":17},"end":{"line":167,"column":29}}},"16":{"name":"(anonymous_26)","decl":{"start":{"line":196,"column":24},"end":{"line":196,"column":25}},"loc":{"start":{"line":196,"column":29},"end":{"line":196,"column":60}}},"17":{"name":"main","decl":{"start":{"line":213,"column":22},"end":{"line":213,"column":26}},"loc":{"start":{"line":213,"column":26},"end":{"line":310,"column":1}}},"18":{"name":"(anonymous_28)","decl":{"start":{"line":231,"column":6},"end":{"line":231,"column":7}},"loc":{"start":{"line":231,"column":13},"end":{"line":237,"column":8}}},"19":{"name":"(anonymous_29)","decl":{"start":{"line":238,"column":6},"end":{"line":238,"column":7}},"loc":{"start":{"line":238,"column":16},"end":{"line":238,"column":45}}},"20":{"name":"(anonymous_30)","decl":{"start":{"line":243,"column":6},"end":{"line":243,"column":9}},"loc":{"start":{"line":243,"column":11},"end":{"line":243,"column":14}}},"21":{"name":"(anonymous_31)","decl":{"start":{"line":244,"column":6},"end":{"line":244,"column":11}},"loc":{"start":{"line":244,"column":17},"end":{"line":249,"column":7}}},"22":{"name":"(anonymous_32)","decl":{"start":{"line":254,"column":8},"end":{"line":254,"column":9}},"loc":{"start":{"line":254,"column":15},"end":{"line":257,"column":127}}},"23":{"name":"(anonymous_33)","decl":{"start":{"line":258,"column":8},"end":{"line":258,"column":13}},"loc":{"start":{"line":258,"column":23},"end":{"line":272,"column":9}}},"24":{"name":"(anonymous_34)","decl":{"start":{"line":282,"column":10},"end":{"line":282,"column":11}},"loc":{"start":{"line":282,"column":23},"end":{"line":291,"column":5}}}},"branchMap":{"0":{"loc":{"start":{"line":9,"column":24},"end":{"line":9,"column":70}},"type":"binary-expr","locations":[{"start":{"line":9,"column":24},"end":{"line":9,"column":43}},{"start":{"line":9,"column":47},"end":{"line":9,"column":70}}]},"1":{"loc":{"start":{"line":66,"column":31},"end":{"line":66,"column":59}},"type":"default-arg","locations":[{"start":{"line":66,"column":47},"end":{"line":66,"column":59}}]},"2":{"loc":{"start":{"line":67,"column":51},"end":{"line":67,"column":69}},"type":"default-arg","locations":[{"start":{"line":67,"column":67},"end":{"line":67,"column":69}}]},"3":{"loc":{"start":{"line":70,"column":28},"end":{"line":70,"column":55}},"type":"default-arg","locations":[{"start":{"line":70,"column":44},"end":{"line":70,"column":55}}]},"4":{"loc":{"start":{"line":82,"column":34},"end":{"line":82,"column":61}},"type":"default-arg","locations":[{"start":{"line":82,"column":50},"end":{"line":82,"column":61}}]},"5":{"loc":{"start":{"line":104,"column":2},"end":{"line":106,"column":3}},"type":"if","locations":[{"start":{"line":104,"column":2},"end":{"line":106,"column":3}},{"start":{},"end":{}}]},"6":{"loc":{"start":{"line":104,"column":6},"end":{"line":104,"column":45}},"type":"binary-expr","locations":[{"start":{"line":104,"column":6},"end":{"line":104,"column":11}},{"start":{"line":104,"column":15},"end":{"line":104,"column":45}}]},"7":{"loc":{"start":{"line":110,"column":24},"end":{"line":110,"column":77}},"type":"cond-expr","locations":[{"start":{"line":110,"column":36},"end":{"line":110,"column":63}},{"start":{"line":110,"column":66},"end":{"line":110,"column":77}}]},"8":{"loc":{"start":{"line":116,"column":6},"end":{"line":127,"column":7}},"type":"if","locations":[{"start":{"line":116,"column":6},"end":{"line":127,"column":7}},{"start":{},"end":{}}]},"9":{"loc":{"start":{"line":116,"column":10},"end":{"line":116,"column":35}},"type":"binary-expr","locations":[{"start":{"line":116,"column":10},"end":{"line":116,"column":15}},{"start":{"line":116,"column":19},"end":{"line":116,"column":35}}]},"10":{"loc":{"start":{"line":117,"column":28},"end":{"line":117,"column":71}},"type":"binary-expr","locations":[{"start":{"line":117,"column":28},"end":{"line":117,"column":55}},{"start":{"line":117,"column":59},"end":{"line":117,"column":71}}]},"11":{"loc":{"start":{"line":122,"column":10},"end":{"line":125,"column":11}},"type":"if","locations":[{"start":{"line":122,"column":10},"end":{"line":125,"column":11}},{"start":{},"end":{}}]},"12":{"loc":{"start":{"line":138,"column":2},"end":{"line":159,"column":3}},"type":"if","locations":[{"start":{"line":138,"column":2},"end":{"line":159,"column":3}},{"start":{"line":156,"column":9},"end":{"line":159,"column":3}}]},"13":{"loc":{"start":{"line":139,"column":4},"end":{"line":155,"column":5}},"type":"if","locations":[{"start":{"line":139,"column":4},"end":{"line":155,"column":5}},{"start":{"line":145,"column":11},"end":{"line":155,"column":5}}]},"14":{"loc":{"start":{"line":142,"column":18},"end":{"line":142,"column":54}},"type":"binary-expr","locations":[{"start":{"line":142,"column":18},"end":{"line":142,"column":37}},{"start":{"line":142,"column":41},"end":{"line":142,"column":54}}]},"15":{"loc":{"start":{"line":143,"column":32},"end":{"line":143,"column":83}},"type":"cond-expr","locations":[{"start":{"line":143,"column":58},"end":{"line":143,"column":77}},{"start":{"line":143,"column":80},"end":{"line":143,"column":83}}]},"16":{"loc":{"start":{"line":145,"column":11},"end":{"line":155,"column":5}},"type":"if","locations":[{"start":{"line":145,"column":11},"end":{"line":155,"column":5}},{"start":{"line":151,"column":11},"end":{"line":155,"column":5}}]},"17":{"loc":{"start":{"line":148,"column":29},"end":{"line":148,"column":52}},"type":"binary-expr","locations":[{"start":{"line":148,"column":29},"end":{"line":148,"column":39}},{"start":{"line":148,"column":43},"end":{"line":148,"column":52}}]},"18":{"loc":{"start":{"line":163,"column":20},"end":{"line":163,"column":47}},"type":"binary-expr","locations":[{"start":{"line":163,"column":20},"end":{"line":163,"column":31}},{"start":{"line":163,"column":35},"end":{"line":163,"column":47}}]},"19":{"loc":{"start":{"line":175,"column":4},"end":{"line":178,"column":5}},"type":"if","locations":[{"start":{"line":175,"column":4},"end":{"line":178,"column":5}},{"start":{},"end":{}}]},"20":{"loc":{"start":{"line":183,"column":4},"end":{"line":183,"column":56}},"type":"if","locations":[{"start":{"line":183,"column":4},"end":{"line":183,"column":56}},{"start":{},"end":{}}]},"21":{"loc":{"start":{"line":192,"column":6},"end":{"line":195,"column":7}},"type":"if","locations":[{"start":{"line":192,"column":6},"end":{"line":195,"column":7}},{"start":{},"end":{}}]},"22":{"loc":{"start":{"line":200,"column":4},"end":{"line":200,"column":55}},"type":"if","locations":[{"start":{"line":200,"column":4},"end":{"line":200,"column":55}},{"start":{},"end":{}}]},"23":{"loc":{"start":{"line":263,"column":29},"end":{"line":263,"column":74}},"type":"cond-expr","locations":[{"start":{"line":263,"column":41},"end":{"line":263,"column":62}},{"start":{"line":263,"column":65},"end":{"line":263,"column":74}}]},"24":{"loc":{"start":{"line":285,"column":6},"end":{"line":286,"column":63}},"type":"if","locations":[{"start":{"line":285,"column":6},"end":{"line":286,"column":63}},{"start":{"line":286,"column":11},"end":{"line":286,"column":63}}]},"25":{"loc":{"start":{"line":288,"column":6},"end":{"line":290,"column":8}},"type":"if","locations":[{"start":{"line":288,"column":6},"end":{"line":290,"column":8}},{"start":{},"end":{}}]},"26":{"loc":{"start":{"line":293,"column":2},"end":{"line":309,"column":3}},"type":"if","locations":[{"start":{"line":293,"column":2},"end":{"line":309,"column":3}},{"start":{"line":295,"column":9},"end":{"line":309,"column":3}}]},"27":{"loc":{"start":{"line":303,"column":6},"end":{"line":303,"column":75}},"type":"if","locations":[{"start":{"line":303,"column":6},"end":{"line":303,"column":75}},{"start":{},"end":{}}]},"28":{"loc":{"start":{"line":304,"column":6},"end":{"line":306,"column":7}},"type":"if","locations":[{"start":{"line":304,"column":6},"end":{"line":306,"column":7}},{"start":{},"end":{}}]}},"s":{"0":1,"1":1,"2":1,"3":1,"4":1,"5":1,"6":1,"7":1,"8":1,"9":1,"10":1,"11":1,"12":1,"13":1,"14":1,"15":1,"16":1,"17":45,"18":1,"19":8,"20":2,"21":2,"22":2,"23":2,"24":2,"25":2,"26":2,"27":2,"28":2,"29":2,"30":2,"31":2,"32":2,"33":2,"34":1,"35":15,"36":1,"37":5,"38":5,"39":10,"40":10,"41":4,"42":1,"43":3,"44":6,"45":27,"46":6,"47":6,"48":6,"49":24,"50":24,"51":6,"52":6,"53":6,"54":6,"55":6,"56":3,"57":3,"58":3,"59":4,"60":4,"61":2,"62":1,"63":1,"64":1,"65":1,"66":0,"67":0,"68":0,"69":1,"70":1,"71":2,"72":4,"73":4,"74":4,"75":4,"76":4,"77":4,"78":4,"79":4,"80":4,"81":4,"82":4,"83":1,"84":1,"85":3,"86":3,"87":3,"88":3,"89":0,"90":3,"91":3,"92":3,"93":3,"94":12,"95":12,"96":12,"97":2,"98":2,"99":10,"100":10,"101":3,"102":3,"103":1,"104":2,"105":2,"106":2,"107":2,"108":1,"109":8,"110":8,"111":2,"112":1,"113":2,"114":2,"115":1,"116":1,"117":3,"118":3,"119":3,"120":3,"121":3,"122":3,"123":3,"124":2,"125":2,"126":1,"127":1,"128":1,"129":0,"130":1,"131":1,"132":1,"133":1,"134":8,"135":6,"136":2,"137":2,"138":2,"139":2,"140":2,"141":3,"142":3,"143":2,"144":1,"145":1,"146":2},"f":{"0":45,"1":8,"2":2,"3":2,"4":15,"5":5,"6":10,"7":4,"8":27,"9":24,"10":6,"11":4,"12":4,"13":4,"14":4,"15":4,"16":10,"17":8,"18":2,"19":1,"20":2,"21":2,"22":3,"23":3,"24":1},"b":{"0":[1,1],"1":[18],"2":[0],"3":[0],"4":[0],"5":[1,3],"6":[4,4],"7":[3,3],"8":[6,18],"9":[24,24],"10":[6,0],"11":[3,3],"12":[2,2],"13":[1,1],"14":[1,0],"15":[1,0],"16":[0,1],"17":[0,0],"18":[4,0],"19":[1,3],"20":[0,3],"21":[2,10],"22":[1,2],"23":[1,2],"24":[0,1],"25":[1,0],"26":[6,2],"27":[2,1],"28":[1,0]}}
}
