TN:
SF:cli.ts
FN:55,(anonymous_10)
FN:55,(anonymous_11)
FN:57,filterDataByColor
FN:58,(anonymous_13)
FN:61,getHeaderColor
FN:74,formatAndDisplay
FN:116,getApiHelp
FN:141,runFlow
FN:142,(anonymous_18)
FN:214,main
FN:223,(anonymous_20)
FN:231,(anonymous_21)
FN:236,(anonymous_22)
FN:237,(anonymous_23)
FN:242,(anonymous_24)
FN:255,recursivePrompt
FNF:16
FNH:15
FNDA:10,(anonymous_10)
FNDA:10,(anonymous_11)
FNDA:11,filterDataByColor
FNDA:50,(anonymous_13)
FNDA:13,getHeaderColor
FNDA:7,formatAndDisplay
FNDA:6,getApiHelp
FNDA:13,runFlow
FNDA:14,(anonymous_18)
FNDA:4,main
FNDA:2,(anonymous_20)
FNDA:2,(anonymous_21)
FNDA:1,(anonymous_22)
FNDA:1,(anonymous_23)
FNDA:0,(anonymous_24)
FNDA:6,recursivePrompt
DA:3,1
DA:4,1
DA:6,1
DA:7,1
DA:9,1
DA:12,1
DA:55,10
DA:57,1
DA:58,50
DA:62,13
DA:63,4
DA:64,0
DA:65,1
DA:66,1
DA:67,4
DA:68,1
DA:70,2
DA:74,1
DA:75,7
DA:76,2
DA:77,2
DA:80,5
DA:81,5
DA:82,5
DA:84,5
DA:85,13
DA:86,13
DA:87,13
DA:89,13
DA:90,52
DA:91,52
DA:93,52
DA:94,25
DA:95,25
DA:96,13
DA:97,4
DA:98,4
DA:99,4
DA:102,25
DA:104,25
DA:105,25
DA:106,25
DA:107,4
DA:112,13
DA:116,1
DA:117,6
DA:118,6
DA:119,6
DA:120,2
DA:121,2
DA:122,2
DA:124,4
DA:125,4
DA:126,2
DA:127,1
DA:128,1
DA:129,1
DA:130,1
DA:132,2
DA:134,1
DA:136,1
DA:141,1
DA:142,14
DA:144,13
DA:145,13
DA:147,13
DA:148,13
DA:149,13
DA:150,9
DA:152,9
DA:154,9
DA:155,2
DA:156,2
DA:158,7
DA:160,7
DA:161,7
DA:165,6
DA:166,6
DA:167,1
DA:169,5
DA:171,5
DA:172,5
DA:173,5
DA:175,5
DA:176,15
DA:177,15
DA:178,1
DA:181,14
DA:182,13
DA:184,13
DA:185,3
DA:186,3
DA:188,10
DA:189,10
DA:193,3
DA:196,8
DA:197,8
DA:198,4
DA:199,1
DA:200,3
DA:201,3
DA:202,3
DA:204,4
DA:206,3
DA:208,1
DA:214,1
DA:218,4
DA:224,2
DA:231,2
DA:237,1
DA:243,0
DA:244,0
DA:247,4
DA:248,1
DA:249,1
DA:252,3
DA:253,3
DA:256,6
DA:257,6
DA:259,6
DA:260,3
DA:261,3
DA:264,3
DA:267,2
DA:270,0
DA:272,3
DA:275,3
DA:278,1
DA:279,0
LF:129
LH:124
BRDA:62,0,0,4
BRDA:62,0,1,0
BRDA:62,0,2,1
BRDA:62,0,3,1
BRDA:62,0,4,4
BRDA:62,0,5,1
BRDA:62,0,6,2
BRDA:75,1,0,2
BRDA:75,1,1,5
BRDA:75,2,0,7
BRDA:75,2,1,6
BRDA:93,3,0,25
BRDA:93,3,1,27
BRDA:95,4,0,13
BRDA:95,4,1,4
BRDA:95,4,2,4
BRDA:95,4,3,4
BRDA:106,5,0,4
BRDA:106,5,1,21
BRDA:125,6,0,2
BRDA:125,6,1,2
BRDA:126,7,0,1
BRDA:126,7,1,1
BRDA:128,8,0,1
BRDA:128,8,1,0
BRDA:132,9,0,1
BRDA:132,9,1,1
BRDA:132,10,0,2
BRDA:132,10,1,2
BRDA:132,10,2,1
BRDA:142,11,0,13
BRDA:142,11,1,1
BRDA:154,12,0,2
BRDA:154,12,1,7
BRDA:166,13,0,1
BRDA:166,13,1,5
BRDA:177,14,0,1
BRDA:177,14,1,14
BRDA:184,15,0,3
BRDA:184,15,1,10
BRDA:197,16,0,4
BRDA:197,16,1,4
BRDA:198,17,0,1
BRDA:198,17,1,3
BRDA:200,18,0,3
BRDA:200,18,1,0
BRDA:204,19,0,3
BRDA:204,19,1,1
BRDA:204,20,0,4
BRDA:204,20,1,4
BRDA:204,20,2,3
BRDA:243,21,0,0
BRDA:243,21,1,0
BRDA:247,22,0,1
BRDA:247,22,1,3
BRDA:259,23,0,3
BRDA:259,23,1,3
BRDA:264,24,0,2
BRDA:264,24,1,1
BRDA:278,25,0,0
BRDA:278,25,1,1
BRF:61
BRH:55
end_of_record
