TN:
SF:qa-cli.ts
FN:64,(anonymous_10)
FN:65,(anonymous_11)
FN:67,displayBlockHeader
FN:79,displayASCIIReportHeader
FN:87,filterDataByColor
FN:88,(anonymous_15)
FN:89,(anonymous_16)
FN:93,formatResult
FN:99,(anonymous_18)
FN:104,(anonymous_19)
FN:110,(anonymous_20)
FN:125,logError
FN:138,generateFormattedReport
FN:139,(anonymous_23)
FN:169,(anonymous_24)
FN:186,main
FN:204,(anonymous_26)
FN:210,(anonymous_27)
FN:215,(anonymous_28)
FN:216,(anonymous_29)
FN:226,(anonymous_30)
FN:230,(anonymous_31)
FN:257,(anonymous_32)
FNF:23
FNH:23
FNDA:45,(anonymous_10)
FNDA:8,(anonymous_11)
FNDA:2,displayBlockHeader
FNDA:2,displayASCIIReportHeader
FNDA:5,filterDataByColor
FNDA:10,(anonymous_15)
FNDA:10,(anonymous_16)
FNDA:4,formatResult
FNDA:27,(anonymous_18)
FNDA:24,(anonymous_19)
FNDA:6,(anonymous_20)
FNDA:4,logError
FNDA:4,generateFormattedReport
FNDA:4,(anonymous_23)
FNDA:10,(anonymous_24)
FNDA:8,main
FNDA:2,(anonymous_26)
FNDA:1,(anonymous_27)
FNDA:2,(anonymous_28)
FNDA:2,(anonymous_29)
FNDA:3,(anonymous_30)
FNDA:3,(anonymous_31)
FNDA:1,(anonymous_32)
DA:3,1
DA:4,1
DA:5,1
DA:6,1
DA:9,1
DA:10,1
DA:11,1
DA:14,1
DA:45,1
DA:52,1
DA:63,1
DA:64,45
DA:65,8
DA:68,2
DA:69,2
DA:70,2
DA:71,2
DA:72,2
DA:73,2
DA:74,2
DA:75,2
DA:76,2
DA:80,2
DA:81,2
DA:82,2
DA:83,2
DA:84,2
DA:87,1
DA:88,5
DA:89,10
DA:93,1
DA:94,4
DA:95,1
DA:98,3
DA:99,27
DA:100,6
DA:102,6
DA:104,6
DA:105,24
DA:106,24
DA:107,6
DA:108,6
DA:110,6
DA:111,6
DA:112,6
DA:113,3
DA:114,3
DA:120,3
DA:125,1
DA:126,4
DA:127,4
DA:128,2
DA:129,2
DA:131,2
DA:132,2
DA:134,2
DA:138,1
DA:139,4
DA:140,4
DA:142,4
DA:143,4
DA:144,4
DA:145,4
DA:147,4
DA:148,1
DA:149,1
DA:151,3
DA:153,3
DA:154,3
DA:156,3
DA:157,3
DA:159,3
DA:162,3
DA:163,12
DA:164,12
DA:165,12
DA:166,2
DA:167,2
DA:169,10
DA:171,3
DA:173,3
DA:174,2
DA:175,2
DA:176,2
DA:177,2
DA:180,1
DA:186,1
DA:187,8
DA:188,8
DA:204,2
DA:210,1
DA:217,2
DA:218,2
DA:219,1
DA:220,1
DA:226,3
DA:231,3
DA:232,3
DA:233,3
DA:235,3
DA:236,3
DA:239,3
DA:241,2
DA:242,2
DA:243,1
DA:259,1
DA:260,1
DA:261,1
DA:262,1
DA:263,1
DA:264,1
DA:268,8
DA:269,6
DA:271,2
DA:272,2
DA:273,2
DA:274,2
DA:276,2
DA:277,3
DA:278,3
DA:279,1
DA:281,1
DA:284,2
LF:123
LH:123
BRDA:9,0,0,1
BRDA:9,0,1,1
BRDA:64,1,0,18
BRDA:65,2,0,0
BRDA:67,3,0,0
BRDA:79,4,0,0
BRDA:94,5,0,1
BRDA:94,5,1,3
BRDA:94,6,0,4
BRDA:94,6,1,4
BRDA:100,7,0,3
BRDA:100,7,1,3
BRDA:106,8,0,6
BRDA:106,8,1,18
BRDA:106,9,0,24
BRDA:106,9,1,24
BRDA:107,10,0,6
BRDA:107,10,1,0
BRDA:112,11,0,3
BRDA:112,11,1,3
BRDA:127,12,0,2
BRDA:127,12,1,2
BRDA:128,13,0,2
BRDA:128,13,1,1
BRDA:131,14,0,2
BRDA:131,14,1,1
BRDA:132,15,0,1
BRDA:132,15,1,1
BRDA:139,16,0,4
BRDA:139,16,1,0
BRDA:147,17,0,1
BRDA:147,17,1,3
BRDA:156,18,0,0
BRDA:156,18,1,3
BRDA:165,19,0,2
BRDA:165,19,1,10
BRDA:173,20,0,1
BRDA:173,20,1,2
BRDA:235,21,0,1
BRDA:235,21,1,2
BRDA:260,22,0,0
BRDA:260,22,1,1
BRDA:263,23,0,1
BRDA:263,23,1,0
BRDA:268,24,0,6
BRDA:268,24,1,2
BRDA:278,25,0,2
BRDA:278,25,1,1
BRDA:279,26,0,1
BRDA:279,26,1,0
BRF:50
BRH:41
end_of_record
